<?xml version="1.0" encoding="UTF-8"?>
<!-- Generated by org.testng.reporters.JUnitReportReporter -->
<testsuite hostname="DESKTOP-SHFQC7C" failures="0" tests="2" name="test.Trail" time="0.018" errors="0" timestamp="20 Jul 2022 12:26:36 GMT">
  <testcase classname="test.Trail" name="Demotwo" time="0.003"/>
  <testcase classname="test.Trail" name="Demo" time="0.015"/>
</testsuite> <!-- test.Trail -->
